Сборка начата 08.11.2021 17:02:58.
Уровень детализации журнала: Normal.     1>Проект "C:\Users\dadaa\source\repos\Lab06\Lab06\Lab06.vcxproj" в узле 2 (целевые объекты Build).
     1>InitializeBuildStatus:
         Создание "Debug\Lab06.tlog\unsuccessfulbuild", так как было задано "AlwaysCreate".
       ClCompile:
         C:\Program Files (x86)\Microsoft Visual Studio\2019\Community\VC\Tools\MSVC\14.29.30133\bin\HostX86\x86\CL.exe /c /ZI /JMC /nologo /W3 /WX- /diagnostics:column /sdl /Od /Oy- /D WIN32 /D _DEBUG /D _CONSOLE /D _UNICODE /D UNICODE /Gm- /EHsc /RTC1 /MDd /GS /fp:precise /permissive- /Zc:wchar_t /Zc:forScope /Zc:inline /Fo"Debug\\" /Fd"Debug\vc142.pdb" /external:W3 /Gd /TP /analyze- /FC /errorReport:prompt main.cpp menu.cpp
         main.cpp
         menu.cpp
     1>C:\Users\dadaa\source\repos\Lab06\Lab06\menu.cpp(24,4): error C3861: mode1: идентификатор не найден
     1>C:\Users\dadaa\source\repos\Lab06\Lab06\menu.cpp(28,4): error C3861: mode2: идентификатор не найден
     1>C:\Users\dadaa\source\repos\Lab06\Lab06\menu.cpp(32,4): error C3861: mode3: идентификатор не найден
         Создание кода...
     1>Сборка проекта "C:\Users\dadaa\source\repos\Lab06\Lab06\Lab06.vcxproj" завершена (целевые объекты Build) с ошибкой.

Ошибка сборки.

       "C:\Users\dadaa\source\repos\Lab06\Lab06\Lab06.vcxproj" (целевой объект Build ) (1) ->
       (Целевой объект ClCompile) -> 
         C:\Users\dadaa\source\repos\Lab06\Lab06\menu.cpp(24,4): error C3861: mode1: идентификатор не найден
         C:\Users\dadaa\source\repos\Lab06\Lab06\menu.cpp(28,4): error C3861: mode2: идентификатор не найден
         C:\Users\dadaa\source\repos\Lab06\Lab06\menu.cpp(32,4): error C3861: mode3: идентификатор не найден

    Предупреждений: 0
    Ошибок: 3

Прошло времени 00:00:01.23
